     1                                  ; Dylan Resha
     2                                  ; Project 1: data storage
     3                                  ; Due 9/14/2020
     4                                  ; assembly program to do homework 4
     5                                  
     6                                  SECTION .data
     7                                  ; define data/variables here.  Think DB, DW, DD, DQ
     8 00000000 0B                      a1: DB 11
     9 00000001 0300                    b1: DW 11b
    10 00000003 11000000                c1: DD 11h
    11 00000007 0900000000000000        d1: DQ 11q
    12 0000000F FBFF                    e1: DW -5
    13 00000011 435343333232            f1: DB 'CSC322'
    14                                  
    15 00000017 0504030201              a2: DB 5,4,3,2,1
    16 0000001C 010002000300040005-     b2: DW 1,2,3,4,5
    17 00000025 00                 
    18 00000026 0A0000000B0000000C-     c2: DD 10,11,12,13
    19 0000002F 0000000D000000     
    20 00000036 100000000000000011-     d2: DQ 10h,11h,12h,13h
    21 0000003F 000000000000001200-
    22 00000048 000000000000130000-
    23 00000051 0000000000         
    24                                  
    25 00000056 FB                      a3: DB -5
    26 00000057 F6FF                    b3: DW -10
    27 00000059 F1                      c3: DB -15
    28 0000005A ECFF                    d3: DW -20
    29 0000005C E7                      e3: DB -25
    30                                  
    31 0000005D 4D6572636572            a4: DB 'Mercer' 
    32 00000063 0A                      b4: DB 10
    33 00000064 00                      c4: DB 0
    34 00000065 476F20                  d4: DB 'Go '
    35 00000068 426561727321            e4: DB 'Bears!'
    36                                  
    37 0000006E 6400                    a5: DW 100 
    38 00000070 00010000                b5: DD 100h
    39 00000074 04                      c5: DB 100b
    40 00000075 4000                    d5: DW 100q
    41 00000077 64000000                e5: DD 100d
    42                                  
    43                                  SECTION .bss
    44                                  ; define uninitialized data here
    45                                  
    46                                  SECTION .text
    47                                  global _main
    48                                  _main:
    49                                  
    50                                  ; put your code here.
    51                                  
    52                                  
    53                                  
    54                                  ; Normal termination code
    55 00000000 B801000000              mov eax, 1
    56 00000005 BB00000000              mov ebx, 0
    57 0000000A CD80                    int 80h
